  MAIN.cpp
c:\users\knigh\desktop\saod\doublearrays 10 - 11\dblarr\main.cpp(6): warning C4326: возвращаемый тип "main" должен быть "int", а не "void"
c:\users\knigh\desktop\saod\doublearrays 10 - 11\dblarr\main.cpp(14): warning C4018: <: несоответствие типов со знаком и без знака
c:\users\knigh\desktop\saod\doublearrays 10 - 11\dblarr\main.cpp(16): warning C4018: <: несоответствие типов со знаком и без знака
c:\users\knigh\desktop\saod\doublearrays 10 - 11\dblarr\main.cpp(25): warning C4018: <: несоответствие типов со знаком и без знака
c:\users\knigh\desktop\saod\doublearrays 10 - 11\dblarr\main.cpp(26): warning C4018: <: несоответствие типов со знаком и без знака
c:\users\knigh\desktop\saod\doublearrays 10 - 11\dblarr\main.cpp(46): warning C4018: <: несоответствие типов со знаком и без знака
c:\users\knigh\desktop\saod\doublearrays 10 - 11\dblarr\main.cpp(48): warning C4018: <: несоответствие типов со знаком и без знака
  Multidim.cpp
c:\users\knigh\desktop\saod\doublearrays 10 - 11\dblarr\multidim.cpp(22): warning C4244: =: преобразование "double" в "float", возможна потеря данных
c:\users\knigh\desktop\saod\doublearrays 10 - 11\dblarr\multidim.cpp(125): warning C4018: <: несоответствие типов со знаком и без знака
c:\users\knigh\desktop\saod\doublearrays 10 - 11\dblarr\multidim.cpp(127): warning C4018: <: несоответствие типов со знаком и без знака
  UnitMatrix.cpp
c:\users\knigh\desktop\saod\doublearrays 10 - 11\dblarr\unitmatrix.cpp(35): warning C4018: <: несоответствие типов со знаком и без знака
c:\users\knigh\desktop\saod\doublearrays 10 - 11\dblarr\unitmatrix.cpp(50): warning C4018: <: несоответствие типов со знаком и без знака
c:\users\knigh\desktop\saod\doublearrays 10 - 11\dblarr\unitmatrix.cpp(55): warning C4018: <: несоответствие типов со знаком и без знака
c:\users\knigh\desktop\saod\doublearrays 10 - 11\dblarr\unitmatrix.cpp(70): warning C4018: <: несоответствие типов со знаком и без знака
c:\users\knigh\desktop\saod\doublearrays 10 - 11\dblarr\unitmatrix.cpp(85): warning C4018: <: несоответствие типов со знаком и без знака
c:\users\knigh\desktop\saod\doublearrays 10 - 11\dblarr\unitmatrix.cpp(148): warning C4018: <: несоответствие типов со знаком и без знака
c:\users\knigh\desktop\saod\doublearrays 10 - 11\dblarr\unitmatrix.cpp(149): warning C4018: <: несоответствие типов со знаком и без знака
  Создание кода...
c:\users\knigh\desktop\saod\doublearrays 10 - 11\dblarr\unitmatrix.cpp(40): warning C4715: searchNotZeroCol: значение возвращается не при всех путях выполнения
  DblArr.vcxproj -> C:\Users\KNIGH\Desktop\SAOD\DoubleArrays 10 - 11\Debug\DblArr.exe
